
Showing logs for build [32mcb-kubecd-bdd-gh-1594893262-mas-kzhng-1[0m stage [32mfrom-build-pack[0m and container [32mstep-credential-initializer-c9644[0m
{"level":"info","ts":1594893423.9015372,"logger":"fallback-logger","caller":"logging/config.go:69","msg":"Fetch GitHub commit ID from kodata failed: open /var/run/ko/refs/heads/0.8.0-ns-support: no such file or directory"}
{"level":"info","ts":1594893423.902595,"logger":"fallback-logger","caller":"creds-init/main.go:40","msg":"Credentials initialized."}

Showing logs for build [32mcb-kubecd-bdd-gh-1594893262-mas-kzhng-1[0m stage [32mfrom-build-pack[0m and container [32mstep-working-dir-initializer-2bcxx[0m
{"level":"info","ts":1594893425.4243412,"logger":"fallback-logger","caller":"logging/config.go:69","msg":"Fetch GitHub commit ID from kodata failed: open /var/run/ko/HEAD: no such file or directory"}
{"level":"info","ts":1594893425.426202,"logger":"fallback-logger","caller":"bash/main.go:64","msg":"Successfully executed command \"sh -c mkdir -p /workspace/source\"; output "}

Showing logs for build [32mcb-kubecd-bdd-gh-1594893262-mas-kzhng-1[0m stage [32mfrom-build-pack[0m and container [32mstep-place-tools[0m

Showing logs for build [32mcb-kubecd-bdd-gh-1594893262-mas-kzhng-1[0m stage [32mfrom-build-pack[0m and container [32mstep-git-source-cb-kubecd-bdd-gh-1594893262-mas-kzhng-zvmkv[0m
{"level":"info","ts":1594893543.8309166,"logger":"fallback-logger","caller":"logging/config.go:69","msg":"Fetch GitHub commit ID from kodata failed: open /var/run/ko/refs/heads/0.8.0-ns-support: no such file or directory"}
{"level":"info","ts":1594893544.965041,"logger":"fallback-logger","caller":"git/git.go:103","msg":"Successfully cloned https://github.com/cb-kubecd/bdd-gh-1594893262.git @ v0.0.2 in path /workspace/source"}

Showing logs for build [32mcb-kubecd-bdd-gh-1594893262-mas-kzhng-1[0m stage [32mfrom-build-pack[0m and container [32mstep-setup-builder-home[0m

Showing logs for build [32mcb-kubecd-bdd-gh-1594893262-mas-kzhng-1[0m stage [32mfrom-build-pack[0m and container [32mstep-git-merge[0m
Using SHAs from PULL_REFS=master:
WARNING: no SHAs to merge, falling back to initial cloned commit

Showing logs for build [32mcb-kubecd-bdd-gh-1594893262-mas-kzhng-1[0m stage [32mfrom-build-pack[0m and container [32mstep-setup-jx-git-credentials[0m
Generated Git credentials file /workspace/xdg_config/git/credentials

Showing logs for build [32mcb-kubecd-bdd-gh-1594893262-mas-kzhng-1[0m stage [32mfrom-build-pack[0m and container [32mstep-build-make-build[0m
CGO_ENABLED=0 GO15VENDOREXPERIMENT=1 go build -ldflags '' -o bin/bdd-gh-1594893262 main.go

Showing logs for build [32mcb-kubecd-bdd-gh-1594893262-mas-kzhng-1[0m stage [32mfrom-build-pack[0m and container [32mstep-build-container-build[0m
ERROR: logging before flag.Parse: E0716 09:59:13.374806      11 metadata.go:241] Failed to unmarshal scopes: json: cannot unmarshal string into Go value of type []string
[36mINFO[0m[0000] Resolved base name scratch to scratch        
[36mINFO[0m[0000] Using dockerignore file: /workspace/source/.dockerignore 
[36mINFO[0m[0000] Resolved base name scratch to scratch        
[36mINFO[0m[0000] Built cross stage deps: map[]                
[36mINFO[0m[0000] No base image, nothing to extract            
[36mINFO[0m[0000] cmd: EXPOSE                                  
[36mINFO[0m[0000] Adding exposed port: 8080/tcp                
[36mINFO[0m[0000] Checking for cached layer gcr.io/jenkins-x-labs-bdd/cache:5ae4ba7ff76df9c1c1cd0025980f836e63488f3b123dda9d79e586171f2fd78b... 
[36mINFO[0m[0001] No cached layer found for cmd COPY ./bin/ /  
[36mINFO[0m[0001] Unpacking rootfs as cmd COPY ./bin/ / requires it. 
[36mINFO[0m[0001] Taking snapshot of full filesystem...        
[36mINFO[0m[0001] Resolving paths                              
[36mINFO[0m[0001] EXPOSE 8080                                  
[36mINFO[0m[0001] cmd: EXPOSE                                  
[36mINFO[0m[0001] Adding exposed port: 8080/tcp                
[36mINFO[0m[0001] No files changed in this command, skipping snapshotting. 
[36mINFO[0m[0001] ENTRYPOINT ["/bdd-gh-1594893262"]            
[36mINFO[0m[0001] No files changed in this command, skipping snapshotting. 
[36mINFO[0m[0001] COPY ./bin/ /                                
[36mINFO[0m[0001] Resolving paths                              
[36mINFO[0m[0001] Taking snapshot of files...                  
[36mINFO[0m[0001] Pushing layer gcr.io/jenkins-x-labs-bdd/cache:5ae4ba7ff76df9c1c1cd0025980f836e63488f3b123dda9d79e586171f2fd78b to cache now 

Showing logs for build [32mcb-kubecd-bdd-gh-1594893262-mas-kzhng-1[0m stage [32mfrom-build-pack[0m and container [32mstep-promote-changelog[0m
Converted /workspace/source/charts/bdd-gh-1594893262 to an unshallow repository
Generating change log from git ref f18b5c400a94f30de98830068e13352d14322612 => 720f8f5134b7bbf8eba236685470d1356f834cba
Associating user x-0 in users.jenkins.io with email jenkins-x@googlegroups.com to git GitProvider user with login -0 as emails match
Adding label jenkins.io/git-github-userid=-0 to user x-0 in users.jenkins.io
WARNING: Failed to enrich commit bfb9fd8912485149201024408bbb60f11670137b with issues: User.jenkins.io "x-0" is invalid: metadata.labels: Invalid value: "-0": a valid label must be an empty string or consist of alphanumeric characters, '-', '_' or '.', and must start and end with an alphanumeric character (e.g. 'MyValue',  or 'my_value',  or '12345', regex used for validation is '(([A-Za-z0-9][-A-Za-z0-9_.]*)?[A-Za-z0-9])?')
Finding issues in commit messages using git format
WARNING: No release found for cb-kubecd/bdd-gh-1594893262 and tag v0.0.2 so creating a new release
Updated the release information at https://github.com/cb-kubecd/bdd-gh-1594893262/releases/tag/v0.0.2
generated: /workspace/source/charts/bdd-gh-1594893262/templates/release.yaml
Created Release bdd-gh-1594893262-0-0-2 resource in namespace **
Updating PipelineActivity cb-kubecd-bdd-gh-1594893262-master-1 with version 0.0.2
Updated PipelineActivities cb-kubecd-bdd-gh-1594893262-master-1 with release notes URL: https://github.com/cb-kubecd/bdd-gh-1594893262/releases/tag/v0.0.2

Showing logs for build [32mcb-kubecd-bdd-gh-1594893262-mas-kzhng-1[0m stage [32mfrom-build-pack[0m and container [32mstep-promote-helm-release[0m
WARNING: No $CHART_REPOSITORY defined so using the default value of: http://jenkins-x-chartmuseum:8080
Adding missing Helm repo: storage.googleapis.com https://storage.googleapis.com/chartmuseum.jenkins-x.io
Successfully added Helm repository storage.googleapis.com.
Adding missing Helm repo: jenkins-x-chartmuseum http://jenkins-x-chartmuseum:8080
Successfully added Helm repository jenkins-x-chartmuseum.
WARNING: No $CHART_REPOSITORY defined so using the default value of: http://jenkins-x-chartmuseum:8080
Uploading chart file bdd-gh-1594893262-0.0.2.tgz to http://jenkins-x-chartmuseum:8080/api/charts
Received 201 response: {"saved":true}

Showing logs for build [32mcb-kubecd-bdd-gh-1594893262-mas-kzhng-1[0m stage [32mfrom-build-pack[0m and container [32mstep-promote-jx-promote[0m
defaulting to the version 0.0.2 from $VERSION
loading version stream URL https://github.com/jenkins-x/**r-versions.git ref 6e5131ad308be863292bc87c3ba3d2fdf7915846
checking out ref 6e5131ad308be863292bc87c3ba3d2fdf7915846
error: failed to lazy load the EnvironmentContext: failed to create VersionResolver: failed to clone URL https://github.com/jenkins-x/**r-versions.git: failed to checkout ref 6e5131ad308be863292bc87c3ba3d2fdf7915846 in repository https://github.com/jenkins-x/**r-versions.git: failed to clone ref 6e5131ad308be863292bc87c3ba3d2fdf7915846: git output: fatal: reference is not a tree: 6e5131ad308be863292bc87c3ba3d2fdf7915846: failed to run 'git checkout 6e5131ad308be863292bc87c3ba3d2fdf7915846' command in directory '/tmp/**-promote-610376856', output: 'fatal: reference is not a tree: 6e5131ad308be863292bc87c3ba3d2fdf7915846'
[31m
Pipeline failed on stage 'from-build-pack' : container 'step-promote-jx-promote'. The execution of the pipeline has stopped.[0m
